2022-04-16 01:27:08.439 [main] INFO  CalcSPE - [POWER - 4.0 RAISED TO] 2.0
2022-04-16 01:27:08.448 [main] INFO  CalcSPE - [RESULT - POWER] - 16.0
2022-04-17 13:14:24.098 [main] INFO  CalcSPE - [DIVISON OF - 2.0 BY] 44.0
2022-04-17 13:14:24.100 [main] INFO  CalcSPE - [RESULT - DIVISON] - 22.0
2022-04-17 13:34:17.463 [main] INFO  CalcSPE - [RANDOM NUMBER BETWEEN  - 10.0 AND] 1.0
2022-04-17 13:34:17.468 [main] INFO  CalcSPE - [RESULT - RANDOM NUMBER] - 10.0
2022-04-17 13:34:32.571 [main] INFO  CalcSPE - [RANDOM NUMBER BETWEEN  - 4.0 AND] 1.0
2022-04-17 13:34:32.571 [main] INFO  CalcSPE - [RESULT - RANDOM NUMBER] - 3.0
2022-04-17 13:42:23.704 [main] INFO  CalcSPE - [REMAINDER OF - 7.0 AND] 3.0
2022-04-17 13:42:23.713 [main] INFO  CalcSPE - [RESULT - REMAINDER] - 1.0
2022-04-17 13:43:25.483 [main] INFO  CalcSPE - [SQ ROOT] - 5.0
2022-04-17 13:43:25.491 [main] INFO  CalcSPE - [RESULT - SQ ROOT] - 2.23606797749979
2022-04-17 13:43:32.112 [main] INFO  CalcSPE - [FACTORIAL] - 5.0
2022-04-17 13:43:32.113 [main] INFO  CalcSPE - [RESULT - FACTORIAL] - 120.0
2022-04-17 13:43:39.467 [main] INFO  CalcSPE - [NATURAL LOG] - 66.0
2022-04-17 13:43:39.468 [main] INFO  CalcSPE - [RESULT - NATURAL LOG] - 4.189654742026425
2022-04-17 13:43:48.636 [main] INFO  CalcSPE - [POWER - 4.0 RAISED TO] 2.0
2022-04-17 13:43:48.637 [main] INFO  CalcSPE - [RESULT - POWER] - 16.0
2022-04-17 13:44:07.300 [main] INFO  CalcSPE - [ADDITION OF - 5.0 WITH] 99.0
2022-04-17 13:44:07.301 [main] INFO  CalcSPE - [RESULT - ADDITION] - 104.0
2022-04-17 13:44:18.554 [main] INFO  CalcSPE - [SUBTRACTION OF - 2.0 FROM] 3.0
2022-04-17 13:44:18.555 [main] INFO  CalcSPE - [RESULT - SUBTRACTION] - 1.0
2022-04-17 13:44:30.011 [main] INFO  CalcSPE - [MULTIPLICATION OF - 3.0 WITH] 11.0
2022-04-17 13:44:30.012 [main] INFO  CalcSPE - [RESULT - MULTIPLICATION] - 33.0
2022-04-17 13:44:43.138 [main] INFO  CalcSPE - [DIVISON OF - 3.0 BY] 66.0
2022-04-17 13:44:43.139 [main] INFO  CalcSPE - [RESULT - DIVISON] - 22.0
2022-04-17 13:44:52.691 [main] INFO  CalcSPE - [RANDOM NUMBER BETWEEN  - 20.0 AND] 4.0
2022-04-17 13:44:52.692 [main] INFO  CalcSPE - [RESULT - RANDOM NUMBER] - 13.0
2022-04-17 13:45:01.308 [main] INFO  CalcSPE - [REMAINDER OF - 55.0 AND] 2.0
2022-04-17 13:45:01.308 [main] INFO  CalcSPE - [RESULT - REMAINDER] - 1.0
2022-04-17 13:47:13.737 [main] INFO  CalcSPE - [RANDOM NUMBER BETWEEN  - 99.0 AND] 50.0
2022-04-17 13:47:13.745 [main] INFO  CalcSPE - [RESULT - RANDOM NUMBER] - 56.0
2022-04-17 17:19:52.792 [main] INFO  CalcSPE - [NATURAL LOG] - 4.0
2022-04-17 17:19:52.801 [main] INFO  CalcSPE - [RESULT - NATURAL LOG] - 1.3862943611198906
2022-04-17 17:20:25.215 [main] INFO  CalcSPE - [POWER - 1.0 RAISED TO] 4.0
2022-04-17 17:20:25.218 [main] INFO  CalcSPE - [RESULT - POWER] - 1.0
2022-04-17 17:55:05.037 [main] INFO  CalcSPE - [REMAINDER OF - 6.0 AND] 3.0
2022-04-17 17:55:05.039 [main] INFO  CalcSPE - [RESULT - REMAINDER] - 0.0
2022-04-17 17:55:12.529 [main] INFO  CalcSPE - [REMAINDER OF - 6.0 AND] 3.0
2022-04-17 17:55:12.531 [main] INFO  CalcSPE - [RESULT - REMAINDER] - 0.0
2022-04-17 17:55:39.490 [main] INFO  CalcSPE - [REMAINDER OF - 6.0 AND] 3.0
2022-04-17 17:55:39.492 [main] INFO  CalcSPE - [RESULT - REMAINDER] - 0.0
2022-04-17 17:56:11.044 [main] INFO  CalcSPE - [REMAINDER OF - 6.0 AND] 3.0
2022-04-17 17:56:11.046 [main] INFO  CalcSPE - [RESULT - REMAINDER] - 0.0
2022-04-17 17:56:11.046 [main] INFO  CalcSPE - [REMAINDER OF - 5.0 AND] 1.0
2022-04-17 17:56:11.046 [main] INFO  CalcSPE - [RESULT - REMAINDER] - 0.0
2022-04-17 17:56:35.102 [main] INFO  CalcSPE - [REMAINDER OF - 6.0 AND] 3.0
2022-04-17 17:56:35.104 [main] INFO  CalcSPE - [RESULT - REMAINDER] - 0.0
2022-04-17 17:56:35.104 [main] INFO  CalcSPE - [REMAINDER OF - 5.0 AND] 1.0
2022-04-17 17:56:35.104 [main] INFO  CalcSPE - [RESULT - REMAINDER] - 0.0
2022-04-17 17:57:02.811 [main] INFO  CalcSPE - [REMAINDER OF - 6.0 AND] 3.0
2022-04-17 17:57:02.812 [main] INFO  CalcSPE - [RESULT - REMAINDER] - 0.0
2022-04-17 17:57:02.813 [main] INFO  CalcSPE - [REMAINDER OF - 5.0 AND] 1.0
2022-04-17 17:57:02.813 [main] INFO  CalcSPE - [RESULT - REMAINDER] - 0.0
2022-04-17 17:57:36.650 [main] INFO  CalcSPE - [REMAINDER OF - 6.0 AND] 3.0
2022-04-17 17:57:36.652 [main] INFO  CalcSPE - [RESULT - REMAINDER] - 0.0
2022-04-17 17:57:36.653 [main] INFO  CalcSPE - [REMAINDER OF - 5.0 AND] 9.0
2022-04-17 17:57:36.653 [main] INFO  CalcSPE - [RESULT - REMAINDER] - 5.0
2022-04-17 17:57:36.653 [main] INFO  CalcSPE - [REMAINDER OF - 5.0 AND] 2.0
2022-04-17 17:57:36.653 [main] INFO  CalcSPE - [RESULT - REMAINDER] - 1.0
2022-04-17 17:59:38.428 [main] INFO  CalcSPE - [SUBTRACTION OF - 3.0 FROM] 6.0
2022-04-17 17:59:38.431 [main] INFO  CalcSPE - [RESULT - SUBTRACTION] - 3.0
2022-04-17 17:59:38.431 [main] INFO  CalcSPE - [SUBTRACTION OF - 9.0 FROM] 5.0
2022-04-17 17:59:38.431 [main] INFO  CalcSPE - [RESULT - SUBTRACTION] - -4.0
2022-04-17 18:00:15.387 [main] INFO  CalcSPE - [MULTIPLICATION OF - 6.0 WITH] 3.0
2022-04-17 18:00:15.390 [main] INFO  CalcSPE - [RESULT - MULTIPLICATION] - 18.0
2022-04-17 18:00:15.390 [main] INFO  CalcSPE - [MULTIPLICATION OF - 5.0 WITH] 9.0
2022-04-17 18:00:15.391 [main] INFO  CalcSPE - [RESULT - MULTIPLICATION] - 45.0
2022-04-17 18:00:57.995 [main] INFO  CalcSPE - [DIVISON OF - 3.0 BY] 6.0
2022-04-17 18:00:57.997 [main] INFO  CalcSPE - [RESULT - DIVISON] - 2.0
2022-04-17 18:00:57.998 [main] INFO  CalcSPE - [DIVISON OF - 3.0 BY] 9.0
2022-04-17 18:00:57.998 [main] INFO  CalcSPE - [RESULT - DIVISON] - 3.0
2022-04-17 18:02:13.459 [main] INFO  CalcSPE - [ADDITION OF - 10.0 WITH] 5.0
2022-04-17 18:02:13.461 [main] INFO  CalcSPE - [RESULT - ADDITION] - 15.0
2022-04-17 18:02:13.462 [main] INFO  CalcSPE - [ADDITION OF - 111.0 WITH] 4.0
2022-04-17 18:02:13.462 [main] INFO  CalcSPE - [RESULT - ADDITION] - 115.0
2022-04-17 18:03:41.026 [main] INFO  CalcSPE - [FACTORIAL] - 5.0
2022-04-17 18:03:41.030 [main] INFO  CalcSPE - [RESULT - FACTORIAL] - 120.0
2022-04-17 18:03:57.887 [main] INFO  CalcSPE - [FACTORIAL] - 5.0
2022-04-17 18:03:57.890 [main] INFO  CalcSPE - [RESULT - FACTORIAL] - 120.0
2022-04-17 18:03:57.890 [main] INFO  CalcSPE - [FACTORIAL] - 6.0
2022-04-17 18:03:57.890 [main] INFO  CalcSPE - [RESULT - FACTORIAL] - 720.0
2022-04-17 18:10:19.009 [main] INFO  CalcSPE - [FACTORIAL] - 5.0
2022-04-17 18:10:19.012 [main] INFO  CalcSPE - [RESULT - FACTORIAL] - 120.0
2022-04-17 18:10:19.013 [main] INFO  CalcSPE - [FACTORIAL] - 6.0
2022-04-17 18:10:19.013 [main] INFO  CalcSPE - [RESULT - FACTORIAL] - 720.0
2022-04-17 18:12:43.089 [main] INFO  CalcSPE - [SQ ROOT] - 25.0
2022-04-17 18:12:43.091 [main] INFO  CalcSPE - [RESULT - SQ ROOT] - 5.0
2022-04-17 18:12:43.091 [main] INFO  CalcSPE - [SQ ROOT] - 121.0
2022-04-17 18:12:43.091 [main] INFO  CalcSPE - [RESULT - SQ ROOT] - 11.0
2022-04-17 18:13:31.351 [main] INFO  CalcSPE - [POWER - 3.0 RAISED TO] 4.0
2022-04-17 18:13:31.353 [main] INFO  CalcSPE - [RESULT - POWER] - 81.0
2022-04-17 18:13:31.353 [main] INFO  CalcSPE - [POWER - -5.0 RAISED TO] 3.0
2022-04-17 18:13:31.353 [main] INFO  CalcSPE - [RESULT - POWER] - -125.0
2022-04-17 18:14:10.489 [main] INFO  CalcSPE - [POWER - 3.0 RAISED TO] 4.0
2022-04-17 18:14:10.491 [main] INFO  CalcSPE - [RESULT - POWER] - 81.0
2022-04-17 18:14:10.491 [main] INFO  CalcSPE - [POWER - -5.0 RAISED TO] 3.0
2022-04-17 18:14:10.491 [main] INFO  CalcSPE - [RESULT - POWER] - -125.0
2022-04-17 18:14:34.791 [main] INFO  CalcSPE - [NATURAL LOG] - 10.0
2022-04-17 18:14:34.800 [main] INFO  CalcSPE - [RESULT - NATURAL LOG] - 2.302585092994046
2022-04-17 18:15:42.270 [main] INFO  CalcSPE - [NATURAL LOG] - 10.0
2022-04-17 18:15:42.278 [main] INFO  CalcSPE - [RESULT - NATURAL LOG] - 2.302585092994046
2022-04-17 18:17:33.007 [main] INFO  CalcSPE - [NATURAL LOG] - 10.0
2022-04-17 18:17:33.016 [main] INFO  CalcSPE - [RESULT - NATURAL LOG] - 2.302585092994046
2022-04-17 18:20:45.853 [main] INFO  CalcSPE - [NATURAL LOG] - 10.0
2022-04-17 18:20:45.861 [main] INFO  CalcSPE - [RESULT - NATURAL LOG] - 2.302585092994046
2022-04-17 18:22:26.747 [main] INFO  CalcSPE - [NATURAL LOG] - 10.0
2022-04-17 18:22:26.749 [main] INFO  CalcSPE - [RESULT - NATURAL LOG] - 2.302585092994046
2022-04-17 18:22:26.750 [main] INFO  CalcSPE - [FACTORIAL] - 55.0
2022-04-17 18:22:26.750 [main] INFO  CalcSPE - [RESULT - FACTORIAL] - 1.2696403353658276E73
2022-04-17 18:22:59.160 [main] INFO  CalcSPE - [NATURAL LOG] - 10.0
2022-04-17 18:22:59.162 [main] INFO  CalcSPE - [RESULT - NATURAL LOG] - 2.302585092994046
2022-04-17 18:22:59.163 [main] INFO  CalcSPE - [NATURAL LOG] - 55.0
2022-04-17 18:22:59.163 [main] INFO  CalcSPE - [RESULT - NATURAL LOG] - 4.007333185232471
2022-04-17 18:21:04.864 [main] INFO  CalcSPE - [NATURAL LOG] - 10.0
2022-04-17 18:21:04.872 [main] INFO  CalcSPE - [RESULT - NATURAL LOG] - 2.302585092994046
2022-04-17 18:22:04.074 [main] INFO  CalcSPE - [NATURAL LOG] - 55.0
2022-04-17 18:22:04.075 [main] INFO  CalcSPE - [RESULT - NATURAL LOG] - 4.007333185232471
